<?xml version="1.0" encoding="UTF-8"?>
<!-- Generated by org.testng.reporters.JUnitXMLReporter -->
<testsuite ignored="0" hostname="DESKTOP-TBLA2PR" failures="0" tests="3" name="Default test" time="26.5" errors="0" timestamp="2023-07-28T21:52:07 IST">
  <testcase classname="org.wipro.automation.fb.testcases.LoginValidation_DDF" name="tc01_validateloginfunctiolaity" time="1.534"/>
  <testcase classname="org.wipro.automation.fb.testcases.LoginValidation_DDF" name="tc01_validateloginfunctiolaity" time="1.456"/>
  <testcase classname="org.wipro.automation.fb.testcases.LoginValidation_DDF" name="tc01_validateloginfunctiolaity" time="1.298"/>
</testsuite> <!-- Default test -->
