<?xml version="1.0" encoding="UTF-8"?>
<!-- Generated by org.testng.reporters.JUnitXMLReporter -->
<testsuite ignored="0" hostname="DESKTOP-TBLA2PR" failures="1" tests="1" name="Test" time="20.441" errors="0" timestamp="2023-07-24T21:46:44 IST">
  <testcase classname="org.xyz.automation.fb.DifferentControl" name="testsignup" time="20.228">
    <failure type="java.lang.UnsupportedOperationException" message="You may only deselect all options of a multi-select">
      <![CDATA[java.lang.UnsupportedOperationException: You may only deselect all options of a multi-select
at org.openqa.selenium.support.ui.Select.deselectAll(Select.java:202)
at org.xyz.automation.fb.DifferentControl.testsignup(DifferentControl.java:70)
at java.base/java.util.ArrayList.forEach(ArrayList.java:1511)
... Removed 27 stack frames]]>
    </failure>
  </testcase> <!-- testsignup -->
</testsuite> <!-- Test -->
